{"D:\\git\\2025-cursos\\react de cero a experto\\02-first-steps\\src\\FirstStepsApp.tsx": {"path":"D:\\git\\2025-cursos\\react de cero a experto\\02-first-steps\\src\\FirstStepsApp.tsx","statementMap":{"0":{"start":{"line":8,"column":33},"end":{"line":14,"column":null}}},"fnMap":{"0":{"name":"FirstStepsApp","decl":{"start":{"line":16,"column":16},"end":{"line":16,"column":null}},"loc":{"start":{"line":16,"column":16},"end":{"line":31,"column":null}},"line":16}},"branchMap":{},"s":{"0":1},"f":{"0":2},"b":{},"meta":{"lastBranch":0,"lastFunction":1,"lastStatement":1,"seen":{"s:8:33:14:Infinity":0,"f:16:16:16:Infinity":0}}}
,"D:\\git\\2025-cursos\\react de cero a experto\\02-first-steps\\src\\MyAwesomeApp.tsx": {"path":"D:\\git\\2025-cursos\\react de cero a experto\\02-first-steps\\src\\MyAwesomeApp.tsx","statementMap":{"0":{"start":{"line":3,"column":18},"end":{"line":3,"column":null}},"1":{"start":{"line":4,"column":17},"end":{"line":4,"column":null}},"2":{"start":{"line":6,"column":22},"end":{"line":6,"column":null}},"3":{"start":{"line":7,"column":17},"end":{"line":7,"column":null}},"4":{"start":{"line":9,"column":16},"end":{"line":12,"column":null}},"5":{"start":{"line":14,"column":28},"end":{"line":40,"column":null}},"6":{"start":{"line":16,"column":36},"end":{"line":21,"column":null}}},"fnMap":{"0":{"name":"(anonymous_0)","decl":{"start":{"line":14,"column":28},"end":{"line":14,"column":null}},"loc":{"start":{"line":14,"column":28},"end":{"line":40,"column":null}},"line":14}},"branchMap":{"0":{"loc":{"start":{"line":18,"column":22},"end":{"line":18,"column":null}},"type":"cond-expr","locations":[{"start":{"line":18,"column":33},"end":{"line":18,"column":38}},{"start":{"line":18,"column":38},"end":{"line":18,"column":null}}],"line":18},"1":{"loc":{"start":{"line":33,"column":17},"end":{"line":33,"column":null}},"type":"cond-expr","locations":[{"start":{"line":33,"column":28},"end":{"line":33,"column":39}},{"start":{"line":33,"column":39},"end":{"line":33,"column":null}}],"line":33}},"s":{"0":1,"1":1,"2":1,"3":1,"4":1,"5":1,"6":3},"f":{"0":3},"b":{"0":[0,3],"1":[0,3]},"meta":{"lastBranch":2,"lastFunction":1,"lastStatement":7,"seen":{"s:3:18:3:Infinity":0,"s:4:17:4:Infinity":1,"s:6:22:6:Infinity":2,"s:7:17:7:Infinity":3,"s:9:16:12:Infinity":4,"s:14:28:40:Infinity":5,"f:14:28:14:Infinity":0,"s:16:36:21:Infinity":6,"b:18:33:18:38:18:38:18:Infinity":0,"b:33:28:33:39:33:39:33:Infinity":1}}}
,"D:\\git\\2025-cursos\\react de cero a experto\\02-first-steps\\src\\helpers\\math.helper.ts": {"path":"D:\\git\\2025-cursos\\react de cero a experto\\02-first-steps\\src\\helpers\\math.helper.ts","statementMap":{"0":{"start":{"line":4,"column":19},"end":{"line":7,"column":null}},"1":{"start":{"line":6,"column":4},"end":{"line":6,"column":null}},"2":{"start":{"line":9,"column":24},"end":{"line":11,"column":null}},"3":{"start":{"line":10,"column":4},"end":{"line":10,"column":null}},"4":{"start":{"line":13,"column":24},"end":{"line":15,"column":null}},"5":{"start":{"line":14,"column":4},"end":{"line":14,"column":null}},"6":{"start":{"line":17,"column":22},"end":{"line":19,"column":null}},"7":{"start":{"line":18,"column":4},"end":{"line":18,"column":null}}},"fnMap":{"0":{"name":"(anonymous_0)","decl":{"start":{"line":4,"column":19},"end":{"line":4,"column":20}},"loc":{"start":{"line":4,"column":31},"end":{"line":7,"column":null}},"line":4},"1":{"name":"(anonymous_1)","decl":{"start":{"line":9,"column":24},"end":{"line":9,"column":25}},"loc":{"start":{"line":9,"column":36},"end":{"line":11,"column":null}},"line":9},"2":{"name":"(anonymous_2)","decl":{"start":{"line":13,"column":24},"end":{"line":13,"column":25}},"loc":{"start":{"line":13,"column":36},"end":{"line":15,"column":null}},"line":13},"3":{"name":"(anonymous_3)","decl":{"start":{"line":17,"column":22},"end":{"line":17,"column":23}},"loc":{"start":{"line":17,"column":34},"end":{"line":19,"column":null}},"line":17}},"branchMap":{},"s":{"0":1,"1":1,"2":1,"3":1,"4":1,"5":1,"6":1,"7":1},"f":{"0":1,"1":1,"2":1,"3":1},"b":{},"meta":{"lastBranch":0,"lastFunction":4,"lastStatement":8,"seen":{"s:4:19:7:Infinity":0,"f:4:19:4:20":0,"s:6:4:6:Infinity":1,"s:9:24:11:Infinity":2,"f:9:24:9:25":1,"s:10:4:10:Infinity":3,"s:13:24:15:Infinity":4,"f:13:24:13:25":2,"s:14:4:14:Infinity":5,"s:17:22:19:Infinity":6,"f:17:22:17:23":3,"s:18:4:18:Infinity":7}}}
,"D:\\git\\2025-cursos\\react de cero a experto\\02-first-steps\\src\\shopping-cart\\ItemCounter.module.css": {"path":"D:\\git\\2025-cursos\\react de cero a experto\\02-first-steps\\src\\shopping-cart\\ItemCounter.module.css","statementMap":{},"fnMap":{},"branchMap":{},"s":{},"f":{},"b":{},"meta":{"lastBranch":0,"lastFunction":0,"lastStatement":0,"seen":{}}}
,"D:\\git\\2025-cursos\\react de cero a experto\\02-first-steps\\src\\shopping-cart\\ItemCounter.tsx": {"path":"D:\\git\\2025-cursos\\react de cero a experto\\02-first-steps\\src\\shopping-cart\\ItemCounter.tsx","statementMap":{"0":{"start":{"line":13,"column":27},"end":{"line":60,"column":null}},"1":{"start":{"line":15,"column":27},"end":{"line":15,"column":null}},"2":{"start":{"line":17,"column":22},"end":{"line":20,"column":null}},"3":{"start":{"line":19,"column":8},"end":{"line":19,"column":null}},"4":{"start":{"line":21,"column":27},"end":{"line":25,"column":null}},"5":{"start":{"line":22,"column":8},"end":{"line":22,"column":null}},"6":{"start":{"line":22,"column":25},"end":{"line":22,"column":null}},"7":{"start":{"line":24,"column":8},"end":{"line":24,"column":null}},"8":{"start":{"line":29,"column":24},"end":{"line":31,"column":null}},"9":{"start":{"line":30,"column":8},"end":{"line":30,"column":null}}},"fnMap":{"0":{"name":"(anonymous_0)","decl":{"start":{"line":13,"column":27},"end":{"line":13,"column":28}},"loc":{"start":{"line":13,"column":57},"end":{"line":60,"column":null}},"line":13},"1":{"name":"(anonymous_1)","decl":{"start":{"line":17,"column":22},"end":{"line":17,"column":null}},"loc":{"start":{"line":17,"column":22},"end":{"line":20,"column":null}},"line":17},"2":{"name":"(anonymous_2)","decl":{"start":{"line":21,"column":27},"end":{"line":21,"column":null}},"loc":{"start":{"line":21,"column":27},"end":{"line":25,"column":null}},"line":21},"3":{"name":"(anonymous_3)","decl":{"start":{"line":29,"column":24},"end":{"line":29,"column":null}},"loc":{"start":{"line":29,"column":24},"end":{"line":31,"column":null}},"line":29}},"branchMap":{"0":{"loc":{"start":{"line":13,"column":36},"end":{"line":13,"column":48}},"type":"default-arg","locations":[{"start":{"line":13,"column":47},"end":{"line":13,"column":48}}],"line":13},"1":{"loc":{"start":{"line":22,"column":8},"end":{"line":22,"column":null}},"type":"if","locations":[{"start":{"line":22,"column":8},"end":{"line":22,"column":null}},{"start":{},"end":{}}],"line":22},"2":{"loc":{"start":{"line":47,"column":27},"end":{"line":47,"column":null}},"type":"cond-expr","locations":[{"start":{"line":47,"column":41},"end":{"line":47,"column":49}},{"start":{"line":47,"column":49},"end":{"line":47,"column":null}}],"line":47}},"s":{"0":1,"1":9,"2":9,"3":1,"4":9,"5":2,"6":1,"7":1,"8":9,"9":0},"f":{"0":9,"1":1,"2":2,"3":0},"b":{"0":[9],"1":[1,1],"2":[4,5]},"meta":{"lastBranch":3,"lastFunction":4,"lastStatement":10,"seen":{"s:13:27:60:Infinity":0,"f:13:27:13:28":0,"b:13:47:13:48":0,"s:15:27:15:Infinity":1,"s:17:22:20:Infinity":2,"f:17:22:17:Infinity":1,"s:19:8:19:Infinity":3,"s:21:27:25:Infinity":4,"f:21:27:21:Infinity":2,"b:22:8:22:Infinity:undefined:undefined:undefined:undefined":1,"s:22:8:22:Infinity":5,"s:22:25:22:Infinity":6,"s:24:8:24:Infinity":7,"s:29:24:31:Infinity":8,"f:29:24:29:Infinity":3,"s:30:8:30:Infinity":9,"b:47:41:47:49:47:49:47:Infinity":2}}}
}
